Require ./utils/faceMatch
Error: Error: Cannot find module '@tensorflow/tfjs-node'
Require stack:
- C:\Users\Ritesh\OneDrive\Desktop\All Projrcts\ezyride\backend\node_modules\@vladmandic\face-api\dist\face-api.node.js
- C:\Users\Ritesh\OneDrive\Desktop\All Projrcts\ezyride\backend\utils\faceMatch.js
- C:\Users\Ritesh\OneDrive\Desktop\All Projrcts\ezyride\backend\simple_test.js
    at Module._resolveFilename (node:internal/modules/cjs/loader:1420:15)
    at defaultResolveImpl (node:internal/modules/cjs/loader:1058:19)
    at resolveForCJSWithHooks (node:internal/modules/cjs/loader:1063:22)
    at Module._load (node:internal/modules/cjs/loader:1226:37)
    at TracingChannel.traceSync (node:diagnostics_channel:328:14)
    at wrapModuleLoad (node:internal/modules/cjs/loader:244:24)
    at Module.require (node:internal/modules/cjs/loader:1503:12)
    at require (node:internal/modules/helpers:152:16)
    at C:\Users\Ritesh\OneDrive\Desktop\All Projrcts\ezyride\backend\node_modules\@vladmandic\face-api\dist\face-api.node.js:7:1195
    at C:\Users\Ritesh\OneDrive\Desktop\All Projrcts\ezyride\backend\node_modules\@vladmandic\face-api\dist\face-api.node.js:7:223 {
  code: 'MODULE_NOT_FOUND',
  requireStack: [
    'C:\\Users\\Ritesh\\OneDrive\\Desktop\\All Projrcts\\ezyride\\backend\\node_modules\\@vladmandic\\face-api\\dist\\face-api.node.js',
    'C:\\Users\\Ritesh\\OneDrive\\Desktop\\All Projrcts\\ezyride\\backend\\utils\\faceMatch.js',
    'C:\\Users\\Ritesh\\OneDrive\\Desktop\\All Projrcts\\ezyride\\backend\\simple_test.js'
  ]
}
Stack: Error: Cannot find module '@tensorflow/tfjs-node'
Require stack:
- C:\Users\Ritesh\OneDrive\Desktop\All Projrcts\ezyride\backend\node_modules\@vladmandic\face-api\dist\face-api.node.js
- C:\Users\Ritesh\OneDrive\Desktop\All Projrcts\ezyride\backend\utils\faceMatch.js
- C:\Users\Ritesh\OneDrive\Desktop\All Projrcts\ezyride\backend\simple_test.js
    at Module._resolveFilename (node:internal/modules/cjs/loader:1420:15)
    at defaultResolveImpl (node:internal/modules/cjs/loader:1058:19)
    at resolveForCJSWithHooks (node:internal/modules/cjs/loader:1063:22)
    at Module._load (node:internal/modules/cjs/loader:1226:37)
    at TracingChannel.traceSync (node:diagnostics_channel:328:14)
    at wrapModuleLoad (node:internal/modules/cjs/loader:244:24)
    at Module.require (node:internal/modules/cjs/loader:1503:12)
    at require (node:internal/modules/helpers:152:16)
    at C:\Users\Ritesh\OneDrive\Desktop\All Projrcts\ezyride\backend\node_modules\@vladmandic\face-api\dist\face-api.node.js:7:1195
    at C:\Users\Ritesh\OneDrive\Desktop\All Projrcts\ezyride\backend\node_modules\@vladmandic\face-api\dist\face-api.node.js:7:223
